/*C3*/SET SCHEMA PUBLIC
DROP TABLE IF EXISTS PLAYER
CREATE TABLE PLAYER ( id INTEGER IDENTITY, USERNAME VARCHAR(256), BALANCE INTEGER)
CREATE TABLE IF NOT EXISTS TIMES  ( id INTEGER IDENTITY, USERNAME VARCHAR(256), HOUR INTEGER, MINUTE INTEGER, SECONDS DOUBLE)
INSERT INTO PLAYER VALUES(0,'THREAD1',0)
COMMIT
DELETE FROM PLAYER WHERE ID=0
INSERT INTO PLAYER VALUES(0,'THREAD1',300)
COMMIT
INSERT INTO TIMES VALUES(1987,'THREAD1',2,5,0.31E0)
COMMIT
DELETE FROM PLAYER WHERE ID=0
INSERT INTO PLAYER VALUES(0,'THREAD1',306)
COMMIT
INSERT INTO TIMES VALUES(1988,'THREAD1',2,5,0.63E0)
COMMIT
DELETE FROM PLAYER WHERE ID=0
INSERT INTO PLAYER VALUES(0,'THREAD1',298)
COMMIT
INSERT INTO TIMES VALUES(1989,'THREAD1',2,5,0.31E0)
COMMIT
DELETE FROM PLAYER WHERE ID=0
INSERT INTO PLAYER VALUES(0,'THREAD1',292)
COMMIT
INSERT INTO TIMES VALUES(1990,'THREAD1',2,5,0.74E0)
COMMIT
DELETE FROM PLAYER WHERE ID=0
INSERT INTO PLAYER VALUES(0,'THREAD1',291)
COMMIT
INSERT INTO TIMES VALUES(1991,'THREAD1',2,5,0.0E0)
COMMIT
DELETE FROM PLAYER WHERE ID=0
INSERT INTO PLAYER VALUES(0,'THREAD1',289)
COMMIT
INSERT INTO TIMES VALUES(1992,'THREAD1',2,5,0.84E0)
COMMIT
DELETE FROM PLAYER WHERE ID=0
INSERT INTO PLAYER VALUES(0,'THREAD1',298)
COMMIT
INSERT INTO TIMES VALUES(1993,'THREAD1',2,5,0.61E0)
COMMIT
DELETE FROM PLAYER WHERE ID=0
INSERT INTO PLAYER VALUES(0,'THREAD1',289)
COMMIT
INSERT INTO TIMES VALUES(1994,'THREAD1',2,5,0.79E0)
COMMIT
INSERT INTO PLAYER VALUES(1,'THREAD2',0)
COMMIT
DELETE FROM PLAYER WHERE ID=1
INSERT INTO PLAYER VALUES(1,'THREAD2',300)
COMMIT
INSERT INTO TIMES VALUES(1995,'THREAD2',2,5,0.65E0)
COMMIT
DELETE FROM PLAYER WHERE ID=0
INSERT INTO PLAYER VALUES(0,'THREAD1',294)
COMMIT
INSERT INTO TIMES VALUES(1996,'THREAD1',2,5,0.69E0)
COMMIT
DELETE FROM PLAYER WHERE ID=1
INSERT INTO PLAYER VALUES(1,'THREAD2',303)
COMMIT
INSERT INTO TIMES VALUES(1997,'THREAD2',2,5,0.4E0)
COMMIT
DELETE FROM PLAYER WHERE ID=0
INSERT INTO PLAYER VALUES(0,'THREAD1',304)
COMMIT
INSERT INTO TIMES VALUES(1998,'THREAD1',2,5,0.22E0)
COMMIT
DELETE FROM PLAYER WHERE ID=1
INSERT INTO PLAYER VALUES(1,'THREAD2',295)
COMMIT
INSERT INTO TIMES VALUES(1999,'THREAD2',2,5,0.53E0)
COMMIT
DELETE FROM PLAYER WHERE ID=0
INSERT INTO PLAYER VALUES(0,'THREAD1',298)
COMMIT
INSERT INTO TIMES VALUES(2000,'THREAD1',2,5,0.69E0)
COMMIT
DELETE FROM PLAYER WHERE ID=1
INSERT INTO PLAYER VALUES(1,'THREAD2',291)
COMMIT
INSERT INTO TIMES VALUES(2001,'THREAD2',2,5,0.64E0)
COMMIT
DELETE FROM PLAYER WHERE ID=0
INSERT INTO PLAYER VALUES(0,'THREAD1',299)
COMMIT
INSERT INTO TIMES VALUES(2002,'THREAD1',2,5,0.24E0)
COMMIT
DELETE FROM PLAYER WHERE ID=1
INSERT INTO PLAYER VALUES(1,'THREAD2',293)
COMMIT
INSERT INTO TIMES VALUES(2003,'THREAD2',2,5,0.51E0)
COMMIT
DELETE FROM PLAYER WHERE ID=0
INSERT INTO PLAYER VALUES(0,'THREAD1',306)
COMMIT
INSERT INTO TIMES VALUES(2004,'THREAD1',2,5,0.76E0)
COMMIT
DELETE FROM PLAYER WHERE ID=1
INSERT INTO PLAYER VALUES(1,'THREAD2',291)
COMMIT
INSERT INTO TIMES VALUES(2005,'THREAD2',2,5,1.0E0)
COMMIT
DELETE FROM PLAYER WHERE ID=0
INSERT INTO PLAYER VALUES(0,'THREAD1',309)
COMMIT
INSERT INTO TIMES VALUES(2006,'THREAD1',2,5,0.75E0)
COMMIT
DELETE FROM PLAYER WHERE ID=1
INSERT INTO PLAYER VALUES(1,'THREAD2',290)
COMMIT
INSERT INTO TIMES VALUES(2007,'THREAD2',2,5,0.95E0)
COMMIT
DELETE FROM PLAYER WHERE ID=1
INSERT INTO PLAYER VALUES(1,'THREAD2',291)
COMMIT
INSERT INTO TIMES VALUES(2008,'THREAD2',2,5,0.7E0)
COMMIT
DELETE FROM PLAYER WHERE ID=0
INSERT INTO PLAYER VALUES(0,'THREAD1',315)
COMMIT
INSERT INTO TIMES VALUES(2009,'THREAD1',2,5,0.59E0)
COMMIT
DELETE FROM PLAYER WHERE ID=1
INSERT INTO PLAYER VALUES(1,'THREAD2',294)
COMMIT
INSERT INTO TIMES VALUES(2010,'THREAD2',2,5,0.78E0)
COMMIT
DELETE FROM PLAYER WHERE ID=1
INSERT INTO PLAYER VALUES(1,'THREAD2',295)
COMMIT
INSERT INTO TIMES VALUES(2011,'THREAD2',2,5,0.8E0)
COMMIT
DELETE FROM PLAYER WHERE ID=1
INSERT INTO PLAYER VALUES(1,'THREAD2',292)
COMMIT
INSERT INTO TIMES VALUES(2012,'THREAD2',2,5,0.8E0)
COMMIT
DELETE FROM PLAYER WHERE ID=1
INSERT INTO PLAYER VALUES(1,'THREAD2',286)
COMMIT
INSERT INTO TIMES VALUES(2013,'THREAD2',2,5,0.69E0)
COMMIT
DELETE FROM PLAYER WHERE ID=1
INSERT INTO PLAYER VALUES(1,'THREAD2',290)
COMMIT
INSERT INTO TIMES VALUES(2014,'THREAD2',2,5,0.84E0)
COMMIT
DELETE FROM PLAYER WHERE ID=1
INSERT INTO PLAYER VALUES(1,'THREAD2',283)
COMMIT
INSERT INTO TIMES VALUES(2015,'THREAD2',2,5,0.17E0)
COMMIT
DELETE FROM PLAYER WHERE ID=1
INSERT INTO PLAYER VALUES(1,'THREAD2',275)
COMMIT
INSERT INTO TIMES VALUES(2016,'THREAD2',2,5,0.8E0)
COMMIT
